Beauty Munich 2018.
From az, updated on 04.
Yeah, she wants to--
Beauty.
In the afternoon another surprise awaits our candidates.
Hvar - flirt, flirt, seduce - no easy tasks for our girls.
Especially when a friend is waiting in Germany.
Nevertheless, the nine "Beautiful Munich" candidates perform shooting with people photographer Tuan and brave wind, spray and rain like real professionals.
The romantic shoot is in the video:
Dr.
Dr.
"This is a question that naturally depends on getting into the conversation.
Mr.
Mr.
I also assumed at some point that this would happen," said Grindel.
De 29.
Dr.
He didn't want to put up any pressure.
Linz: Garden hut in Schrebergartensiedlung burnt
At 2.13 p.
Because a power line leads directly over the Schrebergartensiedlung, danger was delayed.
The fire brigade moved out and found the hut in full fire on arrival.
